2026-04-15 09:53:57 [INFO] ============================================================ 
2026-04-15 09:53:57 [INFO] Starting 01_preprocess_harmony_embeddings v1.0.0 
2026-04-15 09:53:57 [INFO] Run timestamp: 2026-04-15 09:53:57 EDT 
2026-04-15 09:53:57 [INFO] Seed: 42 
2026-04-15 09:53:57 [INFO] ============================================================ 
2026-04-15 09:53:57 [INFO] Config loaded. Weeks: W7, W8-2, W9, W11 
2026-04-15 09:53:57 [INFO] QC thresholds: min_features=150, max_features=9000, min_counts=300, max_counts=80000, max_percent_mt=20 
2026-04-15 09:53:57 [INFO] Week W7 file discovery: 
2026-04-15 09:53:57 [INFO]   counts   : NA 
2026-04-15 09:53:57 [INFO]   features : NA 
2026-04-15 09:53:57 [INFO]   barcodes : NA 
2026-04-15 09:53:57 [INFO]   metadata : NA 
2026-04-15 09:57:30 [INFO] ============================================================ 
2026-04-15 09:57:30 [INFO] Starting 01_preprocess_harmony_embeddings v1.0.0 
2026-04-15 09:57:30 [INFO] Run timestamp: 2026-04-15 09:57:30 EDT 
2026-04-15 09:57:30 [INFO] Seed: 42 
2026-04-15 09:57:30 [INFO] ============================================================ 
2026-04-15 09:57:30 [INFO] Config loaded. Weeks: W7, W8-2, W9, W11 
2026-04-15 09:57:30 [INFO] QC thresholds: min_features=150, max_features=9000, min_counts=300, max_counts=80000, max_percent_mt=20 
2026-04-15 09:57:30 [INFO] Week W7 file discovery: 
2026-04-15 09:57:30 [INFO]   counts   : NA 
2026-04-15 09:57:30 [INFO]   features : NA 
2026-04-15 09:57:30 [INFO]   barcodes : NA 
2026-04-15 09:57:30 [INFO]   metadata : NA 
