[2026-02-15 13:39:46] Starting multiome reference preprocessing... 
[2026-02-15 13:39:46] Loading multiome reference: data/processed/multiome_rna_seurat.rds 
[2026-02-15 13:39:49] Reference count-type heuristic = normalized_like 
[2026-02-15 13:39:49] Counts do NOT look UMI-like. Using LogNormalize pipeline. 
[2026-02-15 13:41:17] Computing tSNE embedding for reference... 
[2026-02-15 13:42:52]   tSNE complete. 
[2026-02-15 13:42:52] Reference has 36456 cells across 17 cell types 
[2026-02-15 13:42:52] Generating QC plots... 
[2026-02-15 13:42:55] Generating tSNE plot... 
[2026-02-15 13:43:56] Saved processed reference: output/objects/multiome_reference_processed.rds 
[2026-02-15 13:43:56] 02A complete. 
[2026-02-15 15:45:23] Starting multiome reference preprocessing... 
[2026-02-15 15:45:23] Loading multiome reference: data/processed/multiome_rna_seurat.rds 
[2026-02-15 15:45:26] Reference count-type heuristic = normalized_like 
[2026-02-15 15:45:26] Counts do NOT look UMI-like. Using LogNormalize pipeline. 
[2026-02-15 15:46:45] Computing tSNE embedding for reference... 
[2026-02-15 15:48:15]   tSNE complete. 
[2026-02-15 15:48:15] Reference has 36456 cells across 17 cell types 
[2026-02-15 15:48:15] Generating QC plots... 
[2026-02-15 15:48:17] Generating tSNE plot... 
[2026-02-15 15:49:18] Saved processed reference: output/objects/multiome_reference_processed.rds 
[2026-02-15 15:49:18] 02A complete. 
[2026-02-15 16:54:40] Starting multiome reference preprocessing... 
[2026-02-15 16:54:40] Loading multiome reference: data/processed/multiome_rna_seurat.rds 
[2026-02-15 16:54:43] Reference count-type heuristic = normalized_like 
[2026-02-15 16:54:43] Counts do NOT look UMI-like. Using LogNormalize pipeline. 
[2026-02-15 16:58:42] Reference count-type heuristic = normalized_like 
[2026-02-15 16:58:44] Counts do NOT look UMI-like. Using LogNormalize pipeline. 
[2026-02-15 17:00:19] Counts do NOT look UMI-like. Using LogNormalize pipeline. 
[2026-02-15 17:03:01] Computing tSNE embedding for reference... 
[2026-02-15 17:04:23]   tSNE complete. 
[2026-02-15 17:04:23] Reference has 36456 cells across 17 cell types 
[2026-02-15 17:04:23] Generating QC plots... 
[2026-02-15 17:04:25] Generating tSNE plot... 
[2026-02-15 17:05:28] Saved processed reference: output/objects/multiome_reference_processed.rds 
[2026-02-15 17:05:28] 02A complete. 
[2026-02-15 17:19:04] Starting multiome reference preprocessing... 
[2026-02-15 17:19:04] Loading multiome reference: data/processed/multiome_rna_seurat.rds 
[2026-02-15 17:19:06] Reference count-type heuristic = normalized_like 
[2026-02-15 17:19:06] Counts do NOT look UMI-like. Using LogNormalize + 5000 VF. 
[2026-02-15 17:20:52] Computing tSNE embedding... 
[2026-02-15 17:22:13] Reference has 36456 cells across 17 cell types 
[2026-02-15 17:23:44] Saved processed reference: output/objects/multiome_reference_processed.rds 
[2026-02-15 17:23:44] 02A complete. 
[2026-02-17 15:44:03] Starting multiome reference preprocessing... 
[2026-02-17 15:44:03] Loading multiome reference: data/processed/multiome_rna_seurat.rds 
[2026-02-17 15:44:43] Starting multiome reference preprocessing... 
[2026-02-17 15:44:44] Loading multiome reference: data/processed/multiome_rna_seurat.rds 
[2026-02-17 16:02:43] Starting multiome reference preprocessing... 
[2026-02-17 16:02:43] Loading multiome reference: data/processed/multiome_rna_seurat.rds 
[2026-02-17 16:02:47] Reference count-type heuristic = normalized_like 
[2026-02-17 16:02:47] Counts do NOT look UMI-like. Using LogNormalize pipeline. 
[2026-02-17 16:04:09] Computing tSNE embedding for reference... 
[2026-02-17 16:05:31]   tSNE complete. 
[2026-02-17 16:18:44] Starting multiome reference preprocessing... 
[2026-02-17 16:18:44] Loading multiome reference: data/processed/multiome_rna_seurat.rds 
[2026-02-17 16:18:47] Reference count-type heuristic = normalized_like 
[2026-02-17 16:18:47] Counts do NOT look UMI-like. Using LogNormalize pipeline. 
[2026-02-17 16:20:06] Computing tSNE embedding for reference... 
[2026-02-17 16:21:28]   tSNE complete. 
[2026-02-17 16:21:28] Reference has 36456 cells across 17 cell types 
[2026-02-17 16:21:28] Generating QC plots... 
[2026-02-17 16:21:33] Generating tSNE plot... 
[2026-02-17 16:22:40] Saved processed reference: output/objects/multiome_reference_processed.rds 
[2026-02-17 16:22:40] 02A complete. 
