[2026-02-15 19:29:46] Done permissiveness scoring. 
[2026-02-18 11:20:22] 05C assays -> SlideTags: SCT, STARmap: imputed 
[2026-02-18 11:20:57] Done permissiveness scoring. 
[2026-02-20 19:21:36] 05C assays -> SlideTags: SCT, STARmap: imputed 
[2026-02-20 19:22:20] Done permissiveness scoring. 
[2026-02-20 19:42:42] 05C assays -> SlideTags: SCT, STARmap: imputed 
[2026-02-20 19:43:25] Done permissiveness scoring. 
[2026-02-20 19:44:23] 05C assays -> SlideTags: SCT, STARmap: imputed 
[2026-02-20 19:45:06] Done permissiveness scoring. 
[2026-02-22 15:06:56] 05C assays -> SlideTags: SCT, STARmap: imputed 
[2026-02-22 15:06:57] 05C assays -> SlideTags: SCT, STARmap: imputed 
[2026-02-22 15:24:49] 05C assays -> SlideTags: SCT, STARmap: imputed 
[2026-02-22 16:18:12] 05C assays -> SlideTags: SCT, STARmap: imputed 
[2026-02-22 16:18:12] [05C] SlideTags NK module used: none (1 genes found) 
[2026-02-22 16:18:19] [05C] STARmap NK module used: Cytotoxic_NK (9 genes found) 
[2026-02-22 16:48:37] 05C assays -> SlideTags: SCT, STARmap: imputed 
[2026-02-22 16:48:38] [05C] SlideTags NK module used: none (1 genes found) 
[2026-02-22 17:08:00] 05C assays -> SlideTags: SCT, STARmap: imputed 
[2026-02-22 17:08:01] [05C] SlideTags NK module used: Cytotoxic_NK (5 genes found) 
[2026-02-22 17:08:07] [05C] STARmap NK module used: Cytotoxic_NK (15 genes found) 
[2026-02-22 17:08:44] Done permissiveness scoring. 
[2026-02-22 17:39:42] 05C assays -> SlideTags: SCT, STARmap: imputed 
[2026-02-22 17:39:43] [05C] SlideTags NK module used: Cytotoxic_NK (5 genes found) 
[2026-02-22 17:39:49] [05C] STARmap NK module used: Cytotoxic_NK (15 genes found) 
[2026-02-22 17:40:26] Done permissiveness scoring. 
