[2026-02-22 19:28:24] [05H] Found 4 object candidates. 
[2026-02-22 19:28:36] [05H] Wrote global calibration table with 10964 cells. 
[2026-02-22 19:36:53] [05H] Found 4 object candidates.
[2026-02-22 19:37:06] [05H] Wrote global calibration table with 10964 cells.
[2026-02-22 19:37:23] [05H] Summary written: 5 rows.
[2026-02-22 19:37:23] [05H] Done.
[2026-02-22 19:57:18] [05H] Found 4 object candidates.
[2026-02-22 19:57:30] [05H] Saved permissiveness_global_stats.json (perm_maxabs=8.97630740833456)
[2026-02-22 19:57:30] [05H] Wrote global calibration table with 10964 cells.
[2026-02-22 19:57:46] [05H] Summary written: 5 rows.
[2026-02-22 19:57:46] [05H] Done.
[2026-02-22 19:57:46] [05H] Wrote descriptive README files in scripts/05_spatial and output/figures/05_spatial
[2026-02-22 20:15:35] [05H] Found 4 object candidates.
[2026-02-22 20:15:47] [05H] Wrote global calibration table with 10964 cells.
[2026-02-22 20:16:05] [05H] Summary written: 5 rows.
[2026-02-22 20:16:05] [05H] Done.
[2026-02-22 20:16:05] [05H] Found 4 object candidates.
[2026-02-22 20:16:17] [05H] Saved permissiveness_global_stats.json (perm_maxabs=8.97630740833456)
[2026-02-22 20:16:17] [05H] Wrote global calibration table with 10964 cells.
[2026-02-22 20:16:35] [05H] Summary written: 5 rows.
[2026-02-22 20:16:35] [05H] Done.
[2026-02-22 20:16:35] [05H] Wrote descriptive README files in scripts/05_spatial and output/figures/05_spatial
